<?xml version="1.0" encoding="UTF-8"?>
<testsuite name="com.ffpromo.db.PromotionRunRepositoryIntegrationTest" tests="1" skipped="0" failures="1" errors="0" timestamp="2026-06-22T23:46:48" hostname="Terences-MacBook-Pro-2.local" time="0.0">
  <properties/>
  <testcase name="initializationError" classname="com.ffpromo.db.PromotionRunRepositoryIntegrationTest" time="0.0">
    <failure message="java.lang.IllegalStateException: Previous attempts to find a Docker environment failed. Will not retry. Please see logs and check configuration" type="java.lang.IllegalStateException">java.lang.IllegalStateException: Previous attempts to find a Docker environment failed. Will not retry. Please see logs and check configuration
	at org.testcontainers.dockerclient.DockerClientProviderStrategy.getFirstValidStrategy(DockerClientProviderStrategy.java:229)
	at org.testcontainers.DockerClientFactory.getOrInitializeStrategy(DockerClientFactory.java:154)
	at org.testcontainers.DockerClientFactory.client(DockerClientFactory.java:196)
	at org.testcontainers.DockerClientFactory$1.getDockerClient(DockerClientFactory.java:108)
	at com.github.dockerjava.api.DockerClientDelegate.authConfig(DockerClientDelegate.java:109)
	at org.testcontainers.containers.GenericContainer.start(GenericContainer.java:321)
	at com.ffpromo.db.TestDatabase.start(TestDatabase.kt:39)
	at com.ffpromo.db.PromotionRunRepositoryIntegrationTest.setUp(PromotionRunRepositoryIntegrationTest.kt:28)
	at java.base/java.lang.reflect.Method.invoke(Method.java:580)
	at java.base/java.util.ArrayList.forEach(ArrayList.java:1596)
</failure>
  </testcase>
  <system-out><![CDATA[]]></system-out>
  <system-err><![CDATA[]]></system-err>
</testsuite>
