<?xml version="1.0" encoding="UTF-8"?>
<testsuite name="com.ffpromo.ldadapter.client.LdApiClientTest" tests="2" skipped="0" failures="0" errors="0" timestamp="2026-06-23T00:28:55" hostname="Terences-MacBook-Pro-2.local" time="0.008">
  <properties/>
  <testcase name="createLaunchDarklyClient sets LD-API-Version and Authorization on GET()" classname="com.ffpromo.ldadapter.client.LdApiClientTest" time="0.006"/>
  <testcase name="createLaunchDarklyClient respects baseUrl override()" classname="com.ffpromo.ldadapter.client.LdApiClientTest" time="0.001"/>
  <system-out><![CDATA[]]></system-out>
  <system-err><![CDATA[]]></system-err>
</testsuite>
