<?xml version="1.0" encoding="UTF-8"?>
<testsuite name="com.ffpromo.ldadapter.read.MappersTest" tests="2" skipped="0" failures="0" errors="0" timestamp="2026-06-23T00:28:55" hostname="Terences-MacBook-Pro-2.local" time="0.001">
  <properties/>
  <testcase name="mapLdFlagToFlagState maps multivariate flag fixture()" classname="com.ffpromo.ldadapter.read.MappersTest" time="0.001"/>
  <testcase name="mapLdFlagToFlagState maps boolean flag fixture()" classname="com.ffpromo.ldadapter.read.MappersTest" time="0.0"/>
  <system-out><![CDATA[]]></system-out>
  <system-err><![CDATA[]]></system-err>
</testsuite>
