<?xml version="1.0" encoding="UTF-8"?>
<testsuite name="com.ffpromo.ldadapter.resolve.RuleResolverTest" tests="2" skipped="0" failures="0" errors="0" timestamp="2026-06-23T00:28:55" hostname="Terences-MacBook-Pro-2.local" time="0.003">
  <properties/>
  <testcase name="throws when staging rule id used with production environmentKey()" classname="com.ffpromo.ldadapter.resolve.RuleResolverTest" time="0.002"/>
  <testcase name="resolves rule by id from staging environment()" classname="com.ffpromo.ldadapter.resolve.RuleResolverTest" time="0.0"/>
  <system-out><![CDATA[]]></system-out>
  <system-err><![CDATA[]]></system-err>
</testsuite>
