<?xml version="1.0" encoding="UTF-8"?>
<testsuite name="com.ffpromo.ldadapter.write.SemanticPatchBuilderTest" tests="3" skipped="0" failures="0" errors="0" timestamp="2026-06-23T00:28:55" hostname="Terences-MacBook-Pro-2.local" time="0.001">
  <properties/>
  <testcase name="buildRolloutWeights returns weights summing to 100000()" classname="com.ffpromo.ldadapter.write.SemanticPatchBuilderTest" time="0.0"/>
  <testcase name="buildTargetingPatchBody for fallthrough emits turnFlagOn and updateFallthroughVariationOrRollout()" classname="com.ffpromo.ldadapter.write.SemanticPatchBuilderTest" time="0.0"/>
  <testcase name="never includes updatePercentageRollout instruction kind()" classname="com.ffpromo.ldadapter.write.SemanticPatchBuilderTest" time="0.0"/>
  <system-out><![CDATA[]]></system-out>
  <system-err><![CDATA[]]></system-err>
</testsuite>
