<?xml version="1.0" encoding="UTF-8"?>
<testsuite name="com.ffpromo.ldadapter.resolve.VariationResolverTest" tests="4" skipped="0" failures="0" errors="0" timestamp="2026-06-23T00:28:55" hostname="Terences-MacBook-Pro-2.local" time="0.002">
  <properties/>
  <testcase name="resolves by name and by id()" classname="com.ffpromo.ldadapter.resolve.VariationResolverTest" time="0.0"/>
  <testcase name="resolves by value when exactly one match()" classname="com.ffpromo.ldadapter.resolve.VariationResolverTest" time="0.0"/>
  <testcase name="throws when ambiguous value match()" classname="com.ffpromo.ldadapter.resolve.VariationResolverTest" time="0.0"/>
  <testcase name="throws when zero matches()" classname="com.ffpromo.ldadapter.resolve.VariationResolverTest" time="0.0"/>
  <system-out><![CDATA[]]></system-out>
  <system-err><![CDATA[]]></system-err>
</testsuite>
