<?xml version="1.0" encoding="UTF-8"?>
<testsuite name="com.ffpromo.ldadapter.read.GetFlagStateTest" tests="2" skipped="0" failures="0" errors="0" timestamp="2026-06-23T00:28:55" hostname="Terences-MacBook-Pro-2.local" time="0.01">
  <properties/>
  <testcase name="getFlagState calls GET and returns FlagState-valid object()" classname="com.ffpromo.ldadapter.read.GetFlagStateTest" time="0.005"/>
  <testcase name="getFlagState throws when environment key is missing()" classname="com.ffpromo.ldadapter.read.GetFlagStateTest" time="0.005"/>
  <system-out><![CDATA[]]></system-out>
  <system-err><![CDATA[]]></system-err>
</testsuite>
