<?xml version="1.0" encoding="UTF-8"?>
<testsuite name="com.ffpromo.contracts.ContractsJsonTest" tests="5" skipped="0" failures="0" errors="0" timestamp="2026-06-23T01:42:35" hostname="Terences-MacBook-Pro-2.local" time="0.073">
  <properties/>
  <testcase name="round-trips AuditEventInput with snake_case enum values()" classname="com.ffpromo.contracts.ContractsJsonTest" time="0.047"/>
  <testcase name="decodes PersistRunStateInput for worker stub()" classname="com.ffpromo.contracts.ContractsJsonTest" time="0.002"/>
  <testcase name="decodes golden PipelineCreateInput JSON matching v1 wire format()" classname="com.ffpromo.contracts.ContractsJsonTest" time="0.006"/>
  <testcase name="decodes TargetingIntent with rollout()" classname="com.ffpromo.contracts.ContractsJsonTest" time="0.015"/>
  <testcase name="decodes VariationRef by id discriminator()" classname="com.ffpromo.contracts.ContractsJsonTest" time="0.001"/>
  <system-out><![CDATA[]]></system-out>
  <system-err><![CDATA[]]></system-err>
</testsuite>
