<?xml version="1.0" encoding="UTF-8"?>
<testsuite name="com.ffpromo.contracts.ContractsJsonTest" tests="3" skipped="0" failures="0" errors="0" timestamp="2026-06-22T23:24:21" hostname="Terences-MacBook-Pro-2.local" time="0.067">
  <properties/>
  <testcase name="round-trips AuditEventInput with snake_case enum values()" classname="com.ffpromo.contracts.ContractsJsonTest" time="0.056"/>
  <testcase name="decodes PersistRunStateInput for worker stub()" classname="com.ffpromo.contracts.ContractsJsonTest" time="0.003"/>
  <testcase name="decodes golden PipelineCreateInput JSON matching v1 wire format()" classname="com.ffpromo.contracts.ContractsJsonTest" time="0.007"/>
  <system-out><![CDATA[]]></system-out>
  <system-err><![CDATA[]]></system-err>
</testsuite>
