<?xml version="1.0" encoding="UTF-8"?>
<testsuite name="com.ffpromo.telemetry.preflight.RunPreflightTest" tests="2" skipped="0" failures="0" errors="0" timestamp="2026-06-23T01:43:16" hostname="Terences-MacBook-Pro-2.local" time="0.002">
  <properties/>
  <testcase name="fails when treatment metric flow is missing()" classname="com.ffpromo.telemetry.preflight.RunPreflightTest" time="0.001"/>
  <testcase name="passes when treatment and control samples and user context are present()" classname="com.ffpromo.telemetry.preflight.RunPreflightTest" time="0.001"/>
  <system-out><![CDATA[]]></system-out>
  <system-err><![CDATA[]]></system-err>
</testsuite>
