<?xml version="1.0" encoding="UTF-8"?>
<testsuite name="com.ffpromo.telemetry.evaluate.EvaluateStageGatesTest" tests="2" skipped="0" failures="0" errors="0" timestamp="2026-06-23T01:43:16" hostname="Terences-MacBook-Pro-2.local" time="0.002">
  <properties/>
  <testcase name="passes when all policies pass()" classname="com.ffpromo.telemetry.evaluate.EvaluateStageGatesTest" time="0.001"/>
  <testcase name="fails when any policy fails()" classname="com.ffpromo.telemetry.evaluate.EvaluateStageGatesTest" time="0.001"/>
  <system-out><![CDATA[]]></system-out>
  <system-err><![CDATA[]]></system-err>
</testsuite>
