<?xml version="1.0" encoding="UTF-8"?>
<testsuite name="com.ffpromo.telemetry.query.PromqlBuilderTest" tests="5" skipped="0" failures="0" errors="0" timestamp="2026-06-23T01:43:16" hostname="Terences-MacBook-Pro-2.local" time="0.002">
  <properties/>
  <testcase name="builds sample count query for cohorts()" classname="com.ffpromo.telemetry.query.PromqlBuilderTest" time="0.0"/>
  <testcase name="builds latency p95 query in milliseconds()" classname="com.ffpromo.telemetry.query.PromqlBuilderTest" time="0.001"/>
  <testcase name="builds error rate query with user context and window()" classname="com.ffpromo.telemetry.query.PromqlBuilderTest" time="0.0"/>
  <testcase name="escapes quotes and backslashes in label values()" classname="com.ffpromo.telemetry.query.PromqlBuilderTest" time="0.0"/>
  <testcase name="supports canonical metric types only()" classname="com.ffpromo.telemetry.query.PromqlBuilderTest" time="0.001"/>
  <system-out><![CDATA[]]></system-out>
  <system-err><![CDATA[]]></system-err>
</testsuite>
